<?xml version="1.0" encoding="UTF-8"?>
<Site BuildName="(empty)"
	BuildStamp="20240304-1030-Experimental"
	Name="anton202"
	Generator="ctest-3.16.3"
	CompilerName="/usr/bin/g++"
	CompilerVersion="9.4.0"
	OSName="Linux"
	Hostname="anton202"
	OSRelease="5.15.0-67-generic"
	OSVersion="#74~20.04.1-Ubuntu SMP Wed Feb 22 14:52:34 UTC 2023"
	OSPlatform="x86_64"
	Is64Bits="1"
	VendorString="GenuineIntel"
	VendorID="Intel Corporation"
	FamilyID="6"
	ModelID="154"
	ProcessorCacheSize="24576"
	NumberOfLogicalCPU="20"
	NumberOfPhysicalCPU="14"
	TotalVirtualMemory="2047"
	TotalPhysicalMemory="15708"
	LogicalProcessorsPerPhysical="1"
	ProcessorClockFrequency="4441"
	>
	<Testing>
		<StartDateTime>Mar 04 13:30 MSK</StartDateTime>
		<StartTestTime>1709548259</StartTestTime>
		<TestList/>
		<EndDateTime>Mar 04 13:30 MSK</EndDateTime>
		<EndTestTime>1709548259</EndTestTime>
		<ElapsedMinutes>0</ElapsedMinutes>
	</Testing>
</Site>
